<?xml version="1.0" encoding="UTF-8"?>
<!-- Generated by org.testng.reporters.JUnitXMLReporter -->
<testsuite ignored="2" hostname="Babu" failures="0" tests="0" time="0.005" errors="0" timestamp="19 Jun 2024 09:13:15 GMT">
  <testcase classname="seleniumFramework.tests.ErrorValidations" name="loginErrorValidation" time="0.0">
    <ignored/>
  </testcase> <!-- loginErrorValidation -->
  <testcase classname="seleniumFramework.tests.ErrorValidations" name="productErroeValidation" time="0.0">
    <ignored/>
  </testcase> <!-- productErroeValidation -->
</testsuite>
