<?xml version="1.0" encoding="UTF-8"?>
<!-- Generated by org.testng.reporters.JUnitXMLReporter -->
<testsuite ignored="1" hostname="Babu" failures="0" tests="2" name="Submit Order Test" time="17.402" errors="0" timestamp="19 Jun 2024 09:13:32 GMT">
  <testcase classname="seleniumFramework.tests.SubmitOrderTest" name="submitOrder" time="5.83"/>
  <testcase classname="seleniumFramework.tests.SubmitOrderTest" name="submitOrder" time="4.614"/>
  <testcase classname="seleniumFramework.tests.SubmitOrderTest" name="OrderHistoryTest" time="0.0">
    <ignored/>
  </testcase> <!-- OrderHistoryTest -->
</testsuite> <!-- Submit Order Test -->
