<?xml version="1.0" encoding="UTF-8"?>
<!-- Generated by org.testng.reporters.JUnitXMLReporter -->
<testsuite ignored="0" hostname="Babu" failures="0" tests="2" name="Error Validations Test" time="32.563" errors="0" timestamp="16 Jun 2024 17:22:21 GMT">
  <testcase classname="seleniumFramework.tests.ErrorValidations" name="loginErrorValidation" time="6.27"/>
  <testcase classname="seleniumFramework.tests.ErrorValidations" name="productErroeValidation" time="4.417"/>
</testsuite> <!-- Error Validations Test -->
