<?xml version="1.0" encoding="UTF-8"?>
<!-- Generated by org.testng.reporters.JUnitXMLReporter -->
<testsuite ignored="0" hostname="Babu" failures="0" tests="3" name="Submit Order Test" time="45.518" errors="0" timestamp="16 Jun 2024 17:22:34 GMT">
  <testcase classname="seleniumFramework.tests.SubmitOrderTest" name="submitOrder" time="9.781"/>
  <testcase classname="seleniumFramework.tests.SubmitOrderTest" name="submitOrder" time="5.403"/>
  <testcase classname="seleniumFramework.tests.SubmitOrderTest" name="OrderHistoryTest" time="0.803"/>
</testsuite> <!-- Submit Order Test -->
