<?xml version="1.0" encoding="UTF-8"?>
<testng-results ignored="3" total="5" passed="2" failed="0" skipped="0">
  <reporter-output>
  </reporter-output>
  <suite started-at="2024-06-19T09:13:15Z" name="Suite" finished-at="2024-06-19T09:13:32Z" duration-ms="17402">
    <groups>
      <group name="Purchase">
        <method signature="SubmitOrderTest.submitOrder(java.util.HashMap)[pri:0, instance:seleniumFramework.tests.SubmitOrderTest@194fad1]" name="submitOrder" class="seleniumFramework.tests.SubmitOrderTest"/>
      </group> <!-- Purchase -->
    </groups>
    <test started-at="2024-06-19T09:13:15Z" name="Error Validations Test" finished-at="2024-06-19T09:13:15Z" duration-ms="5">
    </test> <!-- Error Validations Test -->
    <test started-at="2024-06-19T09:13:15Z" name="Submit Order Test" finished-at="2024-06-19T09:13:32Z" duration-ms="17402">
      <class name="seleniumFramework.tests.SubmitOrderTest">
        <test-method is-config="true" signature="launchApplication()[pri:0, instance:seleniumFramework.tests.SubmitOrderTest@194fad1]" started-at="2024-06-19T09:13:15Z" name="launchApplication" finished-at="2024-06-19T09:13:19Z" duration-ms="3743" status="PASS">
          <reporter-output>
          </reporter-output>
        </test-method> <!-- launchApplication -->
        <test-method signature="submitOrder(java.util.HashMap)[pri:0, instance:seleniumFramework.tests.SubmitOrderTest@194fad1]" started-at="2024-06-19T09:13:19Z" name="submitOrder" data-provider="getData" finished-at="2024-06-19T09:13:25Z" duration-ms="5830" status="PASS">
          <params>
            <param index="0">
              <value>
                <![CDATA[{passWord=Cognizant@1, product=ZARA COAT 3, email=babu11@gmail.com}]]>
              </value>
            </param>
          </params>
          <reporter-output>
          </reporter-output>
        </test-method> <!-- submitOrder -->
        <test-method is-config="true" signature="tearDown()[pri:0, instance:seleniumFramework.tests.SubmitOrderTest@194fad1]" started-at="2024-06-19T09:13:25Z" name="tearDown" finished-at="2024-06-19T09:13:25Z" duration-ms="166" status="PASS">
          <reporter-output>
          </reporter-output>
        </test-method> <!-- tearDown -->
        <test-method is-config="true" signature="launchApplication()[pri:0, instance:seleniumFramework.tests.SubmitOrderTest@194fad1]" started-at="2024-06-19T09:13:25Z" name="launchApplication" finished-at="2024-06-19T09:13:28Z" duration-ms="2670" status="PASS">
          <reporter-output>
          </reporter-output>
        </test-method> <!-- launchApplication -->
        <test-method signature="submitOrder(java.util.HashMap)[pri:0, instance:seleniumFramework.tests.SubmitOrderTest@194fad1]" started-at="2024-06-19T09:13:28Z" name="submitOrder" data-provider="getData" finished-at="2024-06-19T09:13:32Z" duration-ms="4614" status="PASS">
          <params>
            <param index="0">
              <value>
                <![CDATA[{passWord=Cognizant@1, product=ADIDAS ORIGINAL, email=kausik8@gmail.com}]]>
              </value>
            </param>
          </params>
          <reporter-output>
          </reporter-output>
        </test-method> <!-- submitOrder -->
        <test-method is-config="true" signature="tearDown()[pri:0, instance:seleniumFramework.tests.SubmitOrderTest@194fad1]" started-at="2024-06-19T09:13:32Z" name="tearDown" finished-at="2024-06-19T09:13:32Z" duration-ms="146" status="PASS">
          <reporter-output>
          </reporter-output>
        </test-method> <!-- tearDown -->
      </class> <!-- seleniumFramework.tests.SubmitOrderTest -->
    </test> <!-- Submit Order Test -->
  </suite> <!-- Suite -->
</testng-results>
